build/app/outputs/mapping/release/seeds.txt
com.pichillilorenzo.flutter_inappwebview_android.plugin_scripts_js.InterceptAjaxRequestJS: java.lang.String INTERCEPT_AJAX_REQUEST_JS_SOURCE
io.flutter.embedding.engine.FlutterJNI: io.flutter.embedding.engine.deferredcomponents.DeferredComponentManager deferredComponentManager
com.google.android.gms.internal.firebase-auth-api.zzaft: java.lang.String zza
androidx.media3.extractor.metadata.scte35.PrivateCommand: android.os.Parcelable$Creator CREATOR
com.google.android.recaptcha.internal.zzqz: com.google.android.recaptcha.internal.zzqz zzb
com.google.android.recaptcha.Recaptcha$getClient$1: int zzc
com.google.android.gms.internal.firebase-auth-api.zzsu: int[] zza
com.pichillilorenzo.flutter_inappwebview_android.content_blocker.ContentBlockerHandler$2: com.pichillilorenzo.flutter_inappwebview_android.webview.in_app_webview.InAppWebView val$webView
com.google.android.gms.internal.measurement.zzbl: com.google.android.gms.internal.measurement.zzbl zzaa
com.google.android.recaptcha.internal.zziw: com.google.android.recaptcha.internal.zziw zza
com.google.android.gms.internal.measurement.zzkf: boolean zze
com.google.android.gms.internal.auth.zzby: com.google.android.gms.internal.auth.zzby zzs
com.google.android.gms.internal.measurement.zzqu: com.google.android.gms.internal.measurement.zzqu zza
com.google.android.gms.internal.firebase-auth-api.zzaik: long zzd
com.google.android.recaptcha.internal.zzdq: com.google.android.recaptcha.internal.zzdq zza
com.pichillilorenzo.flutter_inappwebview_android.webview.in_app_webview.InAppWebView$18: android.webkit.ValueCallback val$resultCallback
com.google.android.gms.internal.auth.zzq: java.lang.String zzb
com.google.android.gms.internal.measurement.zzgi: com.google.android.gms.internal.measurement.zzmj zzf
com.google.android.gms.internal.measurement.zzfh: boolean zzh
com.google.android.gms.internal.fido.zzak: java.lang.Object zzb
com.google.android.gms.fido.fido2.api.common.ResidentKeyRequirement: android.os.Parcelable$Creator CREATOR
com.google.android.recaptcha.internal.zzmu: com.google.android.recaptcha.internal.zzmu zzq
com.pichillilorenzo.flutter_inappwebview_android.types.ResolutionExt: int horizontalDpi
com.google.android.recaptcha.internal.zzth: java.lang.Object zzf
com.google.android.gms.internal.firebase-auth-api.zzadn: com.google.android.gms.internal.firebase-auth-api.zzahk zzu
com.google.android.recaptcha.internal.zzba: com.google.android.recaptcha.internal.zzba zzx
androidx.lifecycle.Lifecycle$Event: androidx.lifecycle.Lifecycle$Event ON_RESUME
com.google.android.recaptcha.internal.zzby: java.lang.Object zza
com.google.crypto.tink.shaded.protobuf.GeneratedMessageLite: java.util.Map defaultInstanceMap
com.google.android.gms.internal.measurement.zzpd: com.google.android.gms.internal.measurement.zzki zzap
com.google.android.gms.internal.firebase-auth-api.zzwb$zza: com.google.android.gms.internal.firebase-auth-api.zzwb$zza zzd
com.google.android.gms.internal.firebase-auth-api.zzxu: java.lang.ThreadLocal zzb
com.google.android.gms.internal.measurement.zzpd: com.google.android.gms.internal.measurement.zzki zzD
kotlinx.coroutines.scheduling.CoroutineScheduler: long controlState
com.google.android.recaptcha.internal.zzmu: com.google.android.recaptcha.internal.zzmu zzp
com.google.android.gms.internal.firebase-auth-api.zzwb$zza: com.google.android.gms.internal.firebase-auth-api.zzwb$zza zze
com.google.android.play.core.integrity.af: com.google.android.gms.tasks.TaskCompletionSource c
com.google.android.gms.internal.firebase-auth-api.zzaas: com.google.android.gms.internal.firebase-auth-api.zzadp zzd
androidx.swiperefreshlayout.widget.SwipeRefreshLayout: float mStartingScale
com.google.android.gms.internal.firebase-auth-api.zzly: int[] zza
com.google.android.gms.auth.api.identity.BeginSignInRequest$PasskeysRequestOptions: android.os.Parcelable$Creator CREATOR
com.google.android.gms.internal.firebase-auth-api.zzwu: java.lang.String zze