build/app/outputs/mapping/release/usage.txt
com.example.app_cybersoft.MainActivity
com.example.app_cybersoft.R$drawable
com.example.app_cybersoft.R$mipmap
com.example.app_cybersoft.R$string
com.example.app_cybersoft.R$style
com.example.app_cybersoft.R
...
androidx.emoji2.text.flatbuffer.FlexBuffers$Key
androidx.emoji2.text.flatbuffer.FlexBuffers$KeyVector
androidx.emoji2.text.flatbuffer.FlexBuffers$Map
androidx.emoji2.text.flatbuffer.FlexBuffers$Object
androidx.emoji2.text.flatbuffer.FlexBuffers$Reference
androidx.emoji2.text.flatbuffer.FlexBuffers$Sized
androidx.emoji2.text.flatbuffer.FlexBuffers$TypedVector
androidx.emoji2.text.flatbuffer.FlexBuffers$Unsigned
androidx.emoji2.text.flatbuffer.FlexBuffers$Vector
androidx.emoji2.text.flatbuffer.FlexBuffers
androidx.emoji2.text.flatbuffer.FlexBuffersBuilder$1
androidx.emoji2.text.flatbuffer.FlexBuffersBuilder$Value
androidx.emoji2.text.flatbuffer.FlexBuffersBuilder
androidx.emoji2.text.flatbuffer.FloatVector
androidx.emoji2.text.flatbuffer.IntVector
androidx.emoji2.text.flatbuffer.LongVector
androidx.emoji2.text.flatbuffer.MetadataItem$Vector
androidx.emoji2.text.flatbuffer.MetadataItem:
    public static void ValidateVersion()
    static synthetic int access$000(int,java.nio.ByteBuffer)
    public static void addCodepoints(androidx.emoji2.text.flatbuffer.FlatBufferBuilder,int)
    public static void addCompatAdded(androidx.emoji2.text.flatbuffer.FlatBufferBuilder,short)
    public static void addEmojiStyle(androidx.emoji2.text.flatbuffer.FlatBufferBuilder,boolean)
    public static void addHeight(androidx.emoji2.text.flatbuffer.FlatBufferBuilder,short)
    public static void addId(androidx.emoji2.text.flatbuffer.FlatBufferBuilder,int)
    public static void addSdkAdded(androidx.emoji2.text.flatbuffer.FlatBufferBuilder,short)
    public static void addWidth(androidx.emoji2.text.flatbuffer.FlatBufferBuilder,short)
    public java.nio.ByteBuffer codepointsAsByteBuffer()
    public java.nio.ByteBuffer codepointsInByteBuffer(java.nio.ByteBuffer)
    public androidx.emoji2.text.flatbuffer.IntVector codepointsVector()
    public androidx.emoji2.text.flatbuffer.IntVector codepointsVector(androidx.emoji2.text.flatbuffer.IntVector)
    public short compatAdded()
    public static int createCodepointsVector(androidx.emoji2.text.flatbuffer.FlatBufferBuilder,int[])
    public static int createMetadataItem(androidx.emoji2.text.flatbuffer.FlatBufferBuilder,int,boolean,short,short,short,short,int)
    public static int endMetadataItem(androidx.emoji2.text.flatbuffer.FlatBufferBuilder)
androidx.emoji2.text.flatbuffer.MetadataList$Vector
androidx.emoji2.text.flatbuffer.MetadataList:
    public static void ValidateVersion()
    static synthetic int access$000(int,java.nio.ByteBuffer)
    public static void addList(androidx.emoji2.text.flatbuffer.FlatBufferBuilder,int)
    public static void addSourceSha(androidx.emoji2.text.flatbuffer.FlatBufferBuilder,int)
    public static void addVersion(androidx.emoji2.text.flatbuffer.FlatBufferBuilder,int)
    public static int createListVector(androidx.emoji2.text.flatbuffer.FlatBufferBuilder,int[])
    public static int createMetadataList(androidx.emoji2.text.flatbuffer.FlatBufferBuilder,int,int,int)
    public static int endMetadataList(androidx.emoji2.text.flatbuffer.FlatBufferBuilder)
    public static void finishMetadataListBuffer(androidx.emoji2.text.flatbuffer.FlatBufferBuilder,int)
    public static void finishSizePrefixedMetadataListBuffer(androidx.emoji2.text.flatbuffer.FlatBufferBuilder,int)
    public androidx.emoji2.text.flatbuffer.MetadataItem list(int)
    public androidx.emoji2.text.flatbuffer.MetadataItem$Vector listVector()
    public androidx.emoji2.text.flatbuffer.MetadataItem$Vector listVector(androidx.emoji2.text.flatbuffer.MetadataItem$Vector)
    public java.lang.String sourceSha()
    public java.nio.ByteBuffer sourceShaAsByteBuffer()
    public java.nio.ByteBuffer sourceShaInByteBuffer(java.nio.ByteBuffer)
    public static void startListVector(androidx.emoji2.text.flatbuffer.FlatBufferBuilder,int)
androidx.emoji2.text.flatbuffer.ReadBuf
androidx.emoji2.text.flatbuffer.ReadWriteBuf
androidx.emoji2.text.flatbuffer.ShortVector
androidx.emoji2.text.flatbuffer.StringVector